1744797144086	geckodriver	INFO	Listening on 127.0.0.1:46307
1744797144105	mozrunner::runner	INFO	Running command: MOZ_CRASHREPORTER="1" MOZ_CRASHREPORTER_NO_REPORT="1" MOZ_CRASHREPORTER_SHUTDOWN="1" "/usr/bin/firefox" "--m ... ss" "--remote-debugging-port" "50661" "--remote-allow-hosts" "localhost" "-no-remote" "-profile" "/tmp/rust_mozprofileBWO4o8"
*** You are running in headless mode.
console.warn: services.settings: Ignoring preference override of remote settings server
console.warn: services.settings: Allow by setting MOZ_REMOTE_SETTINGS_DEVTOOLS=1 in the environment
[GFX1-]: glxtest: Unable to open a connection to the X server
1744797144595	Marionette	INFO	Marionette enabled
1744797144733	Marionette	INFO	Listening on port 45817
WebDriver BiDi listening on ws://127.0.0.1:50661
Read port: 45817
1744797144922	RemoteAgent	WARN	TLS certificate errors will be ignored for this session
[GFX1-]: RenderCompositorSWGL failed mapping default framebuffer, no dt
console.error: ({})
DevTools listening on ws://127.0.0.1:50661/devtools/browser/52fee448-8ccb-4204-a0b7-c4d4e86fcf4f
console.warn: LoginRecipes: "Falling back to a synchronous message for: https://v0-real-estate-marketplace-necizi.vercel.app."
console.warn: LoginRecipes: "Falling back to a synchronous message for: https://v0-real-estate-marketplace-necizi.vercel.app."
console.warn: FormAutofillSection: isRecordCreatable: Country not supported: undefined
console.warn: LoginRecipes: "Falling back to a synchronous message for: https://v0-real-estate-marketplace-necizi.vercel.app."
1744797149378	Marionette	INFO	Stopped listening on port 45817
JavaScript error: resource://gre/modules/Sqlite.sys.mjs, line 1296: Error: Sqlite.sys.mjs has been shutdown. Cannot open connection to: /tmp/rust_mozprofileBWO4o8/protections.sqlite
