1745287095807	geckodriver	INFO	Listening on 127.0.0.1:36773
1745287095821	mozrunner::runner	INFO	Running command: MOZ_CRASHREPORTER="1" MOZ_CRASHREPORTER_NO_REPORT="1" MOZ_CRASHREPORTER_SHUTDOWN="1" "/usr/bin/firefox" "--m ... ss" "--remote-debugging-port" "37891" "--remote-allow-hosts" "localhost" "-no-remote" "-profile" "/tmp/rust_mozprofile5woyIV"
*** You are running in headless mode.
console.warn: services.settings: Ignoring preference override of remote settings server
console.warn: services.settings: Allow by setting MOZ_REMOTE_SETTINGS_DEVTOOLS=1 in the environment
[GFX1-]: glxtest: Unable to open a connection to the X server
1745287096054	Marionette	INFO	Marionette enabled
1745287096143	Marionette	INFO	Listening on port 40625
WebDriver BiDi listening on ws://127.0.0.1:37891
Read port: 40625
1745287096307	RemoteAgent	WARN	TLS certificate errors will be ignored for this session
[GFX1-]: RenderCompositorSWGL failed mapping default framebuffer, no dt
console.error: ({})
DevTools listening on ws://127.0.0.1:37891/devtools/browser/048048ca-da6f-413a-9633-88a1a4012e4a
console.warn: LoginRecipes: "Falling back to a synchronous message for: https://v0-real-estate-marketplace-necizi.vercel.app."
console.warn: LoginRecipes: "Falling back to a synchronous message for: https://v0-real-estate-marketplace-necizi.vercel.app."
console.warn: LoginRecipes: "Falling back to a synchronous message for: https://v0-real-estate-marketplace-necizi.vercel.app."
console.warn: FormAutofillSection: isRecordCreatable: Country not supported: undefined
console.warn: LoginRecipes: "Falling back to a synchronous message for: https://v0-real-estate-marketplace-necizi.vercel.app."
1745287100949	Marionette	INFO	Stopped listening on port 40625
